Flow report for 2020510034_Yusuf_group19_ALU
Mon May 29 21:15:32 2023
Quartus II 64-Bit Version 13.0.1 Build 232 06/12/2013 Service Pack 1 SJ Web Edition


---------------------
; Table of Contents ;
---------------------
  1. Legal Notice
  2. Flow Summary
  3. Flow Settings
  4. Flow Non-Default Global Settings
  5. Flow Elapsed Time
  6. Flow OS Summary
  7. Flow Log
  8. Flow Messages
  9. Flow Suppressed Messages



----------------
; Legal Notice ;
----------------
Copyright (C) 1991-2013 Altera Corporation
Your use of Altera Corporation's design tools, logic functions 
and other software and tools, and its AMPP partner logic 
functions, and any output files from any of the foregoing 
(including device programming or simulation files), and any 
associated documentation or information are expressly subject 
to the terms and conditions of the Altera Program License 
Subscription Agreement, Altera MegaCore Function License 
Agreement, or other applicable license agreement, including, 
without limitation, that your use is for the sole purpose of 
programming logic devices manufactured by Altera and sold by 
Altera or its authorized distributors.  Please refer to the 
applicable agreement for further details.



+-------------------------------------------------------------------------------------------------+
; Flow Summary                                                                                    ;
+------------------------------------+------------------------------------------------------------+
; Flow Status                        ; Successful - Mon May 29 21:15:32 2023                      ;
; Quartus II 64-Bit Version          ; 13.0.1 Build 232 06/12/2013 SP 1 SJ Web Edition            ;
; Revision Name                      ; 2020510034_Yusuf_group19_ALU                               ;
; Top-level Entity Name              ; 2021510008_Alperen_Aydin_Group19_Lab8_Project_CONTROL_UNIT ;
; Family                             ; Cyclone III                                                ;
; Device                             ; EP3C16F484C6                                               ;
; Timing Models                      ; Final                                                      ;
; Total logic elements               ; 167 / 15,408 ( 1 % )                                       ;
;     Total combinational functions  ; 165 / 15,408 ( 1 % )                                       ;
;     Dedicated logic registers      ; 49 / 15,408 ( < 1 % )                                      ;
; Total registers                    ; 49                                                         ;
; Total pins                         ; 76 / 347 ( 22 % )                                          ;
; Total virtual pins                 ; 0                                                          ;
; Total memory bits                  ; 496 / 516,096 ( < 1 % )                                    ;
; Embedded Multiplier 9-bit elements ; 0 / 112 ( 0 % )                                            ;
; Total PLLs                         ; 0 / 4 ( 0 % )                                              ;
+------------------------------------+------------------------------------------------------------+


+--------------------------------------------------+
; Flow Settings                                    ;
+-------------------+------------------------------+
; Option            ; Setting                      ;
+-------------------+------------------------------+
; Start date & time ; 05/29/2023 21:15:14          ;
; Main task         ; Compilation                  ;
; Revision Name     ; 2020510034_Yusuf_group19_ALU ;
+-------------------+------------------------------+


+---------------------------------------------------------------------------------------------------------------------------------------------------------------------------------------------------------------+
; Flow Non-Default Global Settings                                                                                                                                                                              ;
+-------------------------------------+------------------------------------------------------------+------------------------------+------------------------------------------------------------+----------------+
; Assignment Name                     ; Value                                                      ; Default Value                ; Entity Name                                                ; Section Id     ;
+-------------------------------------+------------------------------------------------------------+------------------------------+------------------------------------------------------------+----------------+
; COMPILER_SIGNATURE_ID               ; 238300909017233.168538411405404                            ; --                           ; --                                                         ; --             ;
; EDA_GENERATE_FUNCTIONAL_NETLIST     ; On                                                         ; --                           ; --                                                         ; eda_simulation ;
; EDA_OUTPUT_DATA_FORMAT              ; Verilog Hdl                                                ; --                           ; --                                                         ; eda_simulation ;
; EDA_SIMULATION_TOOL                 ; ModelSim-Altera (Verilog)                                  ; <None>                       ; --                                                         ; --             ;
; IP_TOOL_NAME                        ; LPM_MUX                                                    ; --                           ; --                                                         ; --             ;
; IP_TOOL_NAME                        ; LPM_MUX                                                    ; --                           ; --                                                         ; --             ;
; IP_TOOL_NAME                        ; LPM_ADD_SUB                                                ; --                           ; --                                                         ; --             ;
; IP_TOOL_NAME                        ; LPM_MUX                                                    ; --                           ; --                                                         ; --             ;
; IP_TOOL_NAME                        ; LPM_COUNTER                                                ; --                           ; --                                                         ; --             ;
; IP_TOOL_NAME                        ; LPM_COUNTER                                                ; --                           ; --                                                         ; --             ;
; IP_TOOL_NAME                        ; LPM_COUNTER                                                ; --                           ; --                                                         ; --             ;
; IP_TOOL_NAME                        ; ROM: 1-PORT                                                ; --                           ; --                                                         ; --             ;
; IP_TOOL_NAME                        ; RAM: 1-PORT                                                ; --                           ; --                                                         ; --             ;
; IP_TOOL_NAME                        ; RAM: 1-PORT                                                ; --                           ; --                                                         ; --             ;
; IP_TOOL_NAME                        ; LPM_MUX                                                    ; --                           ; --                                                         ; --             ;
; IP_TOOL_NAME                        ; LPM_MUX                                                    ; --                           ; --                                                         ; --             ;
; IP_TOOL_NAME                        ; LPM_DECODE                                                 ; --                           ; --                                                         ; --             ;
; IP_TOOL_NAME                        ; LPM_COUNTER                                                ; --                           ; --                                                         ; --             ;
; IP_TOOL_NAME                        ; LPM_DECODE                                                 ; --                           ; --                                                         ; --             ;
; IP_TOOL_NAME                        ; LPM_DECODE                                                 ; --                           ; --                                                         ; --             ;
; IP_TOOL_NAME                        ; LPM_DECODE                                                 ; --                           ; --                                                         ; --             ;
; IP_TOOL_NAME                        ; LPM_COUNTER                                                ; --                           ; --                                                         ; --             ;
; IP_TOOL_NAME                        ; LPM_MUX                                                    ; --                           ; --                                                         ; --             ;
; IP_TOOL_NAME                        ; LPM_ADD_SUB                                                ; --                           ; --                                                         ; --             ;
; IP_TOOL_NAME                        ; LPM_CONSTANT                                               ; --                           ; --                                                         ; --             ;
; IP_TOOL_VERSION                     ; 13.0                                                       ; --                           ; --                                                         ; --             ;
; IP_TOOL_VERSION                     ; 13.0                                                       ; --                           ; --                                                         ; --             ;
; IP_TOOL_VERSION                     ; 13.0                                                       ; --                           ; --                                                         ; --             ;
; IP_TOOL_VERSION                     ; 13.0                                                       ; --                           ; --                                                         ; --             ;
; IP_TOOL_VERSION                     ; 13.0                                                       ; --                           ; --                                                         ; --             ;
; IP_TOOL_VERSION                     ; 13.0                                                       ; --                           ; --                                                         ; --             ;
; IP_TOOL_VERSION                     ; 13.0                                                       ; --                           ; --                                                         ; --             ;
; IP_TOOL_VERSION                     ; 13.0                                                       ; --                           ; --                                                         ; --             ;
; IP_TOOL_VERSION                     ; 13.0                                                       ; --                           ; --                                                         ; --             ;
; IP_TOOL_VERSION                     ; 13.0                                                       ; --                           ; --                                                         ; --             ;
; IP_TOOL_VERSION                     ; 13.0                                                       ; --                           ; --                                                         ; --             ;
; IP_TOOL_VERSION                     ; 13.0                                                       ; --                           ; --                                                         ; --             ;
; IP_TOOL_VERSION                     ; 13.0                                                       ; --                           ; --                                                         ; --             ;
; IP_TOOL_VERSION                     ; 13.0                                                       ; --                           ; --                                                         ; --             ;
; IP_TOOL_VERSION                     ; 13.0                                                       ; --                           ; --                                                         ; --             ;
; IP_TOOL_VERSION                     ; 13.0                                                       ; --                           ; --                                                         ; --             ;
; IP_TOOL_VERSION                     ; 13.0                                                       ; --                           ; --                                                         ; --             ;
; IP_TOOL_VERSION                     ; 13.0                                                       ; --                           ; --                                                         ; --             ;
; IP_TOOL_VERSION                     ; 13.0                                                       ; --                           ; --                                                         ; --             ;
; IP_TOOL_VERSION                     ; 13.0                                                       ; --                           ; --                                                         ; --             ;
; IP_TOOL_VERSION                     ; 13.0                                                       ; --                           ; --                                                         ; --             ;
; MAX_CORE_JUNCTION_TEMP              ; 85                                                         ; --                           ; --                                                         ; --             ;
; MIN_CORE_JUNCTION_TEMP              ; 0                                                          ; --                           ; --                                                         ; --             ;
; MISC_FILE                           ; OUTPUT_MUX.bsf                                             ; --                           ; --                                                         ; --             ;
; MISC_FILE                           ; OUTPUT_MUX.cmp                                             ; --                           ; --                                                         ; --             ;
; MISC_FILE                           ; OVERFLOW_MUX.bsf                                           ; --                           ; --                                                         ; --             ;
; MISC_FILE                           ; OVERFLOW_MUX.cmp                                           ; --                           ; --                                                         ; --             ;
; MISC_FILE                           ; ADDER.bsf                                                  ; --                           ; --                                                         ; --             ;
; MISC_FILE                           ; ADDER.cmp                                                  ; --                           ; --                                                         ; --             ;
; MISC_FILE                           ; SHIFT_MUX.bsf                                              ; --                           ; --                                                         ; --             ;
; MISC_FILE                           ; SHIFT_MUX.cmp                                              ; --                           ; --                                                         ; --             ;
; MISC_FILE                           ; register4bit.bsf                                           ; --                           ; --                                                         ; --             ;
; MISC_FILE                           ; register4bit.cmp                                           ; --                           ; --                                                         ; --             ;
; MISC_FILE                           ; register5bit.bsf                                           ; --                           ; --                                                         ; --             ;
; MISC_FILE                           ; register5bit.cmp                                           ; --                           ; --                                                         ; --             ;
; MISC_FILE                           ; register11bit.bsf                                          ; --                           ; --                                                         ; --             ;
; MISC_FILE                           ; register11bit.cmp                                          ; --                           ; --                                                         ; --             ;
; MISC_FILE                           ; instruction_memory.bsf                                     ; --                           ; --                                                         ; --             ;
; MISC_FILE                           ; instruction_memory.cmp                                     ; --                           ; --                                                         ; --             ;
; MISC_FILE                           ; data_memory.bsf                                            ; --                           ; --                                                         ; --             ;
; MISC_FILE                           ; data_memory.cmp                                            ; --                           ; --                                                         ; --             ;
; MISC_FILE                           ; stack_memory.bsf                                           ; --                           ; --                                                         ; --             ;
; MISC_FILE                           ; stack_memory.cmp                                           ; --                           ; --                                                         ; --             ;
; MISC_FILE                           ; MUX_DATA4_SEL2.bsf                                         ; --                           ; --                                                         ; --             ;
; MISC_FILE                           ; MUX_DATA4_SEL2.cmp                                         ; --                           ; --                                                         ; --             ;
; MISC_FILE                           ; MUX_DATA4_SEL1.bsf                                         ; --                           ; --                                                         ; --             ;
; MISC_FILE                           ; MUX_DATA4_SEL1.cmp                                         ; --                           ; --                                                         ; --             ;
; MISC_FILE                           ; T_DECODE.bsf                                               ; --                           ; --                                                         ; --             ;
; MISC_FILE                           ; T_DECODE.cmp                                               ; --                           ; --                                                         ; --             ;
; MISC_FILE                           ; SC.bsf                                                     ; --                           ; --                                                         ; --             ;
; MISC_FILE                           ; SC.cmp                                                     ; --                           ; --                                                         ; --             ;
; MISC_FILE                           ; INSTRUCTION_DECODER.bsf                                    ; --                           ; --                                                         ; --             ;
; MISC_FILE                           ; INSTRUCTION_DECODER.cmp                                    ; --                           ; --                                                         ; --             ;
; MISC_FILE                           ; DECODER2x4.bsf                                             ; --                           ; --                                                         ; --             ;
; MISC_FILE                           ; DECODER2x4.cmp                                             ; --                           ; --                                                         ; --             ;
; MISC_FILE                           ; SP_ZERO_DECODER.bsf                                        ; --                           ; --                                                         ; --             ;
; MISC_FILE                           ; SP_ZERO_DECODER.cmp                                        ; --                           ; --                                                         ; --             ;
; MISC_FILE                           ; FLAG.bsf                                                   ; --                           ; --                                                         ; --             ;
; MISC_FILE                           ; FLAG.cmp                                                   ; --                           ; --                                                         ; --             ;
; MISC_FILE                           ; MUX_DATA5_SEL1.bsf                                         ; --                           ; --                                                         ; --             ;
; MISC_FILE                           ; MUX_DATA5_SEL1.cmp                                         ; --                           ; --                                                         ; --             ;
; MISC_FILE                           ; lpm_add_sub0.bsf                                           ; --                           ; --                                                         ; --             ;
; MISC_FILE                           ; lpm_add_sub0.cmp                                           ; --                           ; --                                                         ; --             ;
; MISC_FILE                           ; lpm_constant0.bsf                                          ; --                           ; --                                                         ; --             ;
; MISC_FILE                           ; lpm_constant0.cmp                                          ; --                           ; --                                                         ; --             ;
; NOMINAL_CORE_SUPPLY_VOLTAGE         ; 1.2V                                                       ; --                           ; --                                                         ; --             ;
; PARTITION_COLOR                     ; 16764057                                                   ; --                           ; 2021510008_Alperen_Aydin_Group19_Lab8_Project_CONTROL_UNIT ; Top            ;
; PARTITION_FITTER_PRESERVATION_LEVEL ; PLACEMENT_AND_ROUTING                                      ; --                           ; 2021510008_Alperen_Aydin_Group19_Lab8_Project_CONTROL_UNIT ; Top            ;
; PARTITION_NETLIST_TYPE              ; SOURCE                                                     ; --                           ; 2021510008_Alperen_Aydin_Group19_Lab8_Project_CONTROL_UNIT ; Top            ;
; PROJECT_OUTPUT_DIRECTORY            ; output_files                                               ; --                           ; --                                                         ; --             ;
; TOP_LEVEL_ENTITY                    ; 2021510008_Alperen_Aydin_Group19_Lab8_Project_CONTROL_UNIT ; 2020510034_Yusuf_group19_ALU ; --                                                         ; --             ;
+-------------------------------------+------------------------------------------------------------+------------------------------+------------------------------------------------------------+----------------+


+-------------------------------------------------------------------------------------------------------------------------------+
; Flow Elapsed Time                                                                                                             ;
+---------------------------+--------------+-------------------------+---------------------+------------------------------------+
; Module Name               ; Elapsed Time ; Average Processors Used ; Peak Virtual Memory ; Total CPU Time (on all processors) ;
+---------------------------+--------------+-------------------------+---------------------+------------------------------------+
; Analysis & Synthesis      ; 00:00:04     ; 1.0                     ; 4657 MB             ; 00:00:04                           ;
; Fitter                    ; 00:00:07     ; 1.0                     ; 4899 MB             ; 00:00:07                           ;
; Assembler                 ; 00:00:01     ; 1.0                     ; 4541 MB             ; 00:00:01                           ;
; TimeQuest Timing Analyzer ; 00:00:02     ; 1.0                     ; 4587 MB             ; 00:00:02                           ;
; EDA Netlist Writer        ; 00:00:01     ; 1.0                     ; 4498 MB             ; 00:00:00                           ;
; Total                     ; 00:00:15     ; --                      ; --                  ; 00:00:14                           ;
+---------------------------+--------------+-------------------------+---------------------+------------------------------------+


+----------------------------------------------------------------------------------------+
; Flow OS Summary                                                                        ;
+---------------------------+------------------+-----------+------------+----------------+
; Module Name               ; Machine Hostname ; OS Name   ; OS Version ; Processor type ;
+---------------------------+------------------+-----------+------------+----------------+
; Analysis & Synthesis      ; DESKTOP-6UIGS6F  ; Windows 7 ; 6.2        ; x86_64         ;
; Fitter                    ; DESKTOP-6UIGS6F  ; Windows 7 ; 6.2        ; x86_64         ;
; Assembler                 ; DESKTOP-6UIGS6F  ; Windows 7 ; 6.2        ; x86_64         ;
; TimeQuest Timing Analyzer ; DESKTOP-6UIGS6F  ; Windows 7 ; 6.2        ; x86_64         ;
; EDA Netlist Writer        ; DESKTOP-6UIGS6F  ; Windows 7 ; 6.2        ; x86_64         ;
+---------------------------+------------------+-----------+------------+----------------+


------------
; Flow Log ;
------------
quartus_map --read_settings_files=on --write_settings_files=off 2020510034_Yusuf_group19_ALU -c 2020510034_Yusuf_group19_ALU
quartus_fit --read_settings_files=off --write_settings_files=off 2020510034_Yusuf_group19_ALU -c 2020510034_Yusuf_group19_ALU
quartus_asm --read_settings_files=off --write_settings_files=off 2020510034_Yusuf_group19_ALU -c 2020510034_Yusuf_group19_ALU
quartus_sta 2020510034_Yusuf_group19_ALU -c 2020510034_Yusuf_group19_ALU
quartus_eda --read_settings_files=off --write_settings_files=off 2020510034_Yusuf_group19_ALU -c 2020510034_Yusuf_group19_ALU



