Flow report for yusuf_gassaloglu_2020510034_HW1
Sun Mar 05 14:08:27 2023
Quartus II 64-Bit Version 13.1.0 Build 162 10/23/2013 SJ Web Edition


---------------------
; Table of Contents ;
---------------------
  1. Legal Notice
  2. Flow Summary
  3. Flow Settings
  4. Flow Non-Default Global Settings
  5. Flow Elapsed Time
  6. Flow OS Summary
  7. Flow Log
  8. Flow Messages
  9. Flow Suppressed Messages



----------------
; Legal Notice ;
----------------
Copyright (C) 1991-2013 Altera Corporation
Your use of Altera Corporation's design tools, logic functions 
and other software and tools, and its AMPP partner logic 
functions, and any output files from any of the foregoing 
(including device programming or simulation files), and any 
associated documentation or information are expressly subject 
to the terms and conditions of the Altera Program License 
Subscription Agreement, Altera MegaCore Function License 
Agreement, or other applicable license agreement, including, 
without limitation, that your use is for the sole purpose of 
programming logic devices manufactured by Altera and sold by 
Altera or its authorized distributors.  Please refer to the 
applicable agreement for further details.



+---------------------------------------------------------------------------------+
; Flow Summary                                                                    ;
+------------------------------------+--------------------------------------------+
; Flow Status                        ; Successful - Sun Mar 05 14:08:27 2023      ;
; Quartus II 64-Bit Version          ; 13.1.0 Build 162 10/23/2013 SJ Web Edition ;
; Revision Name                      ; yusuf_gassaloglu_2020510034_HW1            ;
; Top-level Entity Name              ; yusuf_gassaloglu_2020510034_HW1_b          ;
; Family                             ; Cyclone III                                ;
; Device                             ; EP3C16F484C6                               ;
; Timing Models                      ; Final                                      ;
; Total logic elements               ; 6 / 15,408 ( < 1 % )                       ;
;     Total combinational functions  ; 6 / 15,408 ( < 1 % )                       ;
;     Dedicated logic registers      ; 4 / 15,408 ( < 1 % )                       ;
; Total registers                    ; 4                                          ;
; Total pins                         ; 12 / 347 ( 3 % )                           ;
; Total virtual pins                 ; 0                                          ;
; Total memory bits                  ; 0 / 516,096 ( 0 % )                        ;
; Embedded Multiplier 9-bit elements ; 0 / 112 ( 0 % )                            ;
; Total PLLs                         ; 0 / 4 ( 0 % )                              ;
+------------------------------------+--------------------------------------------+


+-----------------------------------------------------+
; Flow Settings                                       ;
+-------------------+---------------------------------+
; Option            ; Setting                         ;
+-------------------+---------------------------------+
; Start date & time ; 03/05/2023 14:01:25             ;
; Main task         ; Compilation                     ;
; Revision Name     ; yusuf_gassaloglu_2020510034_HW1 ;
+-------------------+---------------------------------+


+-------------------------------------------------------------------------------------------------------------------------------------------------------------------------------------+
; Flow Non-Default Global Settings                                                                                                                                                    ;
+-------------------------------------+--------------------------------------------------------+---------------------------------+-----------------------------------+----------------+
; Assignment Name                     ; Value                                                  ; Default Value                   ; Entity Name                       ; Section Id     ;
+-------------------------------------+--------------------------------------------------------+---------------------------------+-----------------------------------+----------------+
; COMPILER_SIGNATURE_ID               ; 158527615472933.167801408514700                        ; --                              ; --                                ; --             ;
; EDA_GENERATE_FUNCTIONAL_NETLIST     ; On                                                     ; --                              ; --                                ; eda_simulation ;
; EDA_NETLIST_WRITER_OUTPUT_DIR       ; C:/Users/yusuf/OneDrive/Masaüstü/lab1/simulation/qsim/ ; --                              ; --                                ; eda_simulation ;
; EDA_OUTPUT_DATA_FORMAT              ; Verilog Hdl                                            ; --                              ; --                                ; eda_simulation ;
; EDA_SIMULATION_TOOL                 ; ModelSim-Altera (Verilog)                              ; <None>                          ; --                                ; --             ;
; IP_TOOL_NAME                        ; LPM_COUNTER                                            ; --                              ; --                                ; --             ;
; IP_TOOL_NAME                        ; LPM_COUNTER                                            ; --                              ; --                                ; --             ;
; IP_TOOL_VERSION                     ; 13.1                                                   ; --                              ; --                                ; --             ;
; IP_TOOL_VERSION                     ; 13.1                                                   ; --                              ; --                                ; --             ;
; MAX_CORE_JUNCTION_TEMP              ; 85                                                     ; --                              ; --                                ; --             ;
; MIN_CORE_JUNCTION_TEMP              ; 0                                                      ; --                              ; --                                ; --             ;
; MISC_FILE                           ; myLpmCounter.tdf                                       ; --                              ; --                                ; --             ;
; MISC_FILE                           ; myLpmCounter.bsf                                       ; --                              ; --                                ; --             ;
; MISC_FILE                           ; myLpmCounter.inc                                       ; --                              ; --                                ; --             ;
; MISC_FILE                           ; yusuf_gassaloglu_lpm_counter.tdf                       ; --                              ; --                                ; --             ;
; MISC_FILE                           ; yusuf_gassaloglu_lpm_counter.bsf                       ; --                              ; --                                ; --             ;
; MISC_FILE                           ; yusuf_gassaloglu_lpm_counter.inc                       ; --                              ; --                                ; --             ;
; NOMINAL_CORE_SUPPLY_VOLTAGE         ; 1.2V                                                   ; --                              ; --                                ; --             ;
; PARTITION_COLOR                     ; 16764057                                               ; --                              ; yusuf_gassaloglu_2020510034_HW1_b ; Top            ;
; PARTITION_FITTER_PRESERVATION_LEVEL ; PLACEMENT_AND_ROUTING                                  ; --                              ; yusuf_gassaloglu_2020510034_HW1_b ; Top            ;
; PARTITION_NETLIST_TYPE              ; SOURCE                                                 ; --                              ; yusuf_gassaloglu_2020510034_HW1_b ; Top            ;
; PROJECT_OUTPUT_DIRECTORY            ; output_files                                           ; --                              ; --                                ; --             ;
; TOP_LEVEL_ENTITY                    ; yusuf_gassaloglu_2020510034_HW1_b                      ; yusuf_gassaloglu_2020510034_HW1 ; --                                ; --             ;
+-------------------------------------+--------------------------------------------------------+---------------------------------+-----------------------------------+----------------+


+-------------------------------------------------------------------------------------------------------------------------------+
; Flow Elapsed Time                                                                                                             ;
+---------------------------+--------------+-------------------------+---------------------+------------------------------------+
; Module Name               ; Elapsed Time ; Average Processors Used ; Peak Virtual Memory ; Total CPU Time (on all processors) ;
+---------------------------+--------------+-------------------------+---------------------+------------------------------------+
; Analysis & Synthesis      ; 00:00:01     ; 1.0                     ; 4626 MB             ; 00:00:01                           ;
; Fitter                    ; 00:00:04     ; 1.0                     ; 4956 MB             ; 00:00:04                           ;
; Assembler                 ; 00:00:01     ; 1.0                     ; 4575 MB             ; 00:00:01                           ;
; TimeQuest Timing Analyzer ; 00:00:01     ; 1.0                     ; 4619 MB             ; 00:00:01                           ;
; EDA Netlist Writer        ; 00:00:00     ; 1.0                     ; 4527 MB             ; 00:00:00                           ;
; EDA Netlist Writer        ; 00:00:00     ; 1.0                     ; 4539 MB             ; 00:00:00                           ;
; EDA Netlist Writer        ; 00:00:00     ; 1.0                     ; 4539 MB             ; 00:00:00                           ;
; EDA Netlist Writer        ; 00:00:01     ; 1.0                     ; 4539 MB             ; 00:00:00                           ;
; EDA Netlist Writer        ; 00:00:01     ; 1.0                     ; 4539 MB             ; 00:00:00                           ;
; EDA Netlist Writer        ; 00:00:01     ; 1.0                     ; 4539 MB             ; 00:00:00                           ;
; EDA Netlist Writer        ; 00:00:01     ; 1.0                     ; 4539 MB             ; 00:00:00                           ;
; EDA Netlist Writer        ; 00:00:00     ; 1.0                     ; 4539 MB             ; 00:00:00                           ;
; EDA Netlist Writer        ; 00:00:00     ; 1.0                     ; 4539 MB             ; 00:00:00                           ;
; Total                     ; 00:00:11     ; --                      ; --                  ; 00:00:07                           ;
+---------------------------+--------------+-------------------------+---------------------+------------------------------------+


+----------------------------------------------------------------------------------------+
; Flow OS Summary                                                                        ;
+---------------------------+------------------+-----------+------------+----------------+
; Module Name               ; Machine Hostname ; OS Name   ; OS Version ; Processor type ;
+---------------------------+------------------+-----------+------------+----------------+
; Analysis & Synthesis      ; DESKTOP-OMN7791  ; Windows 7 ; 6.2        ; x86_64         ;
; Fitter                    ; DESKTOP-OMN7791  ; Windows 7 ; 6.2        ; x86_64         ;
; Assembler                 ; DESKTOP-OMN7791  ; Windows 7 ; 6.2        ; x86_64         ;
; TimeQuest Timing Analyzer ; DESKTOP-OMN7791  ; Windows 7 ; 6.2        ; x86_64         ;
; EDA Netlist Writer        ; DESKTOP-OMN7791  ; Windows 7 ; 6.2        ; x86_64         ;
; EDA Netlist Writer        ; DESKTOP-OMN7791  ; Windows 7 ; 6.2        ; x86_64         ;
; EDA Netlist Writer        ; DESKTOP-OMN7791  ; Windows 7 ; 6.2        ; x86_64         ;
; EDA Netlist Writer        ; DESKTOP-OMN7791  ; Windows 7 ; 6.2        ; x86_64         ;
; EDA Netlist Writer        ; DESKTOP-OMN7791  ; Windows 7 ; 6.2        ; x86_64         ;
; EDA Netlist Writer        ; DESKTOP-OMN7791  ; Windows 7 ; 6.2        ; x86_64         ;
; EDA Netlist Writer        ; DESKTOP-OMN7791  ; Windows 7 ; 6.2        ; x86_64         ;
; EDA Netlist Writer        ; DESKTOP-OMN7791  ; Windows 7 ; 6.2        ; x86_64         ;
; EDA Netlist Writer        ; DESKTOP-OMN7791  ; Windows 7 ; 6.2        ; x86_64         ;
+---------------------------+------------------+-----------+------------+----------------+


------------
; Flow Log ;
------------
quartus_map --read_settings_files=on --write_settings_files=off yusuf_gassaloglu_2020510034_HW1 -c yusuf_gassaloglu_2020510034_HW1
quartus_fit --read_settings_files=off --write_settings_files=off yusuf_gassaloglu_2020510034_HW1 -c yusuf_gassaloglu_2020510034_HW1
quartus_asm --read_settings_files=off --write_settings_files=off yusuf_gassaloglu_2020510034_HW1 -c yusuf_gassaloglu_2020510034_HW1
quartus_sta yusuf_gassaloglu_2020510034_HW1 -c yusuf_gassaloglu_2020510034_HW1
quartus_eda --read_settings_files=off --write_settings_files=off yusuf_gassaloglu_2020510034_HW1 -c yusuf_gassaloglu_2020510034_HW1
quartus_eda --gen_testbench --check_outputs=on --tool=modelsim_oem --format=verilog yusuf_gassaloglu_2020510034_HW1 -c yusuf_gassaloglu_2020510034_HW1 --vector_source=C:/Users/yusuf/OneDrive/Masaüstü/lab1/yusuf_gassaloglu_2020510034_HW1_b.vwf --testbench_file=C:/Users/yusuf/OneDrive/Masaüstü/lab1/simulation/qsim/yusuf_gassaloglu_2020510034_HW1_b.vwf.vt
quartus_eda --functional=on --flatten_buses=off --simulation=on --tool=modelsim_oem --format=verilog --output_directory=C:/Users/yusuf/OneDrive/Masaüstü/lab1/simulation/qsim/ yusuf_gassaloglu_2020510034_HW1 -c yusuf_gassaloglu_2020510034_HW1
quartus_eda --gen_testbench --check_outputs=on --tool=modelsim_oem --format=verilog yusuf_gassaloglu_2020510034_HW1 -c yusuf_gassaloglu_2020510034_HW1 --vector_source=C:/Users/yusuf/OneDrive/Masaüstü/lab1/yusuf_gassaloglu_2020510034_HW1_b.vwf --testbench_file=C:/Users/yusuf/OneDrive/Masaüstü/lab1/simulation/qsim/yusuf_gassaloglu_2020510034_HW1_b.vwf.vt
quartus_eda --functional=on --flatten_buses=off --simulation=on --tool=modelsim_oem --format=verilog --output_directory=C:/Users/yusuf/OneDrive/Masaüstü/lab1/simulation/qsim/ yusuf_gassaloglu_2020510034_HW1 -c yusuf_gassaloglu_2020510034_HW1
quartus_eda --gen_testbench --check_outputs=on --tool=modelsim_oem --format=verilog yusuf_gassaloglu_2020510034_HW1 -c yusuf_gassaloglu_2020510034_HW1 --vector_source=C:/Users/yusuf/OneDrive/Masaüstü/lab1/yusuf_gassaloglu_2020510034_HW1_b.vwf --testbench_file=C:/Users/yusuf/OneDrive/Masaüstü/lab1/simulation/qsim/yusuf_gassaloglu_2020510034_HW1_b.vwf.vt
quartus_eda --functional=on --flatten_buses=off --simulation=on --tool=modelsim_oem --format=verilog --output_directory=C:/Users/yusuf/OneDrive/Masaüstü/lab1/simulation/qsim/ yusuf_gassaloglu_2020510034_HW1 -c yusuf_gassaloglu_2020510034_HW1
quartus_eda --gen_testbench --check_outputs=on --tool=modelsim_oem --format=verilog yusuf_gassaloglu_2020510034_HW1 -c yusuf_gassaloglu_2020510034_HW1 --vector_source=C:/Users/yusuf/OneDrive/Masaüstü/lab1/yusuf_gassaloglu_2020510034_HW1_b.vwf --testbench_file=C:/Users/yusuf/OneDrive/Masaüstü/lab1/simulation/qsim/yusuf_gassaloglu_2020510034_HW1_b.vwf.vt
quartus_eda --functional=on --flatten_buses=off --simulation=on --tool=modelsim_oem --format=verilog --output_directory=C:/Users/yusuf/OneDrive/Masaüstü/lab1/simulation/qsim/ yusuf_gassaloglu_2020510034_HW1 -c yusuf_gassaloglu_2020510034_HW1



